<?xml version="1.0" encoding="UTF-8"?>
<!-- Generated by org.testng.reporters.JUnitReportReporter -->
<testsuite skipped="0" hostname="DESKTOP-D1233BU" name="qsp.ScreenShot" tests="1" failures="0" timestamp="2021-09-14T16:33:27 IST" time="16.440" errors="0">
  <testcase name="testScreenShot" time="16.440" classname="qsp.ScreenShot"/>
  <system-out/>
</testsuite> <!-- qsp.ScreenShot -->
