<?xml version="1.0" encoding="UTF-8"?>
<!-- Generated by org.testng.reporters.JUnitReportReporter -->
<testsuite skipped="0" hostname="DESKTOP-D1233BU" name="com.actitime.test.CreateCustomer" tests="3" failures="0" timestamp="2021-09-08T06:36:24 IST" time="0.004" errors="0">
  <testcase name="createCustomer" time="0.001" classname="com.actitime.test.CreateCustomer"/>
  <system-out>
    <![CDATA[createCustomer]]>
  </system-out>
  <testcase name="deleteCustomer" time="0.001" classname="com.actitime.test.CreateCustomer"/>
  <system-out>
    <![CDATA[deleteCustomer]]>
  </system-out>
  <testcase name="modifyCustomer" time="0.002" classname="com.actitime.test.CreateCustomer"/>
  <system-out>
    <![CDATA[modifyCustomer]]>
  </system-out>
</testsuite> <!-- com.actitime.test.CreateCustomer -->
