<?xml version="1.0" encoding="UTF-8"?>
<!-- Generated by org.testng.reporters.JUnitReportReporter -->
<testsuite skipped="0" hostname="DESKTOP-D1233BU" name="com.actitime.test.Demotest" tests="1" failures="0" timestamp="2021-09-08T06:36:24 IST" time="0.008" errors="0">
  <testcase name="testDemo" time="0.008" classname="com.actitime.test.Demotest"/>
  <system-out>
    <![CDATA[welcome to tesing]]>
  </system-out>
</testsuite> <!-- com.actitime.test.Demotest -->
