<?xml version="1.0" encoding="UTF-8"?>
<!-- Generated by org.testng.reporters.JUnitReportReporter -->
<testsuite skipped="0" hostname="DESKTOP-D1233BU" name="textScript.HiddenElementXPath" tests="1" failures="0" timestamp="2021-10-12T17:07:05 IST" time="15.355" errors="0">
  <testcase name="hiddenElement" time="15.355" classname="textScript.HiddenElementXPath"/>
  <system-out/>
</testsuite> <!-- textScript.HiddenElementXPath -->
