<?xml version="1.0" encoding="UTF-8"?>
<!-- Generated by org.testng.reporters.JUnitReportReporter -->
<testsuite skipped="0" hostname="DESKTOP-D1233BU" name="textScript.RankingXPath" tests="1" failures="0" timestamp="2021-10-12T18:11:21 IST" time="0.096" errors="0">
  <testcase name="hiddenElement" time="0.096" classname="textScript.RankingXPath"/>
  <system-out/>
</testsuite> <!-- textScript.RankingXPath -->
