<?xml version="1.0" encoding="UTF-8"?>
<!-- Generated by org.testng.reporters.JUnitReportReporter -->
<testsuite skipped="0" hostname="DESKTOP-D1233BU" name="textScript.SvgIconXpath" tests="1" failures="0" timestamp="2021-10-12T18:04:49 IST" time="0.563" errors="0">
  <testcase name="hiddenElement" time="0.563" classname="textScript.SvgIconXpath"/>
  <system-out/>
</testsuite> <!-- textScript.SvgIconXpath -->
