<?xml version="1.0" encoding="UTF-8"?>
<!-- Generated by org.testng.reporters.JUnitReportReporter -->
<testsuite skipped="0" hostname="DESKTOP-D1233BU" name="textScript.SampleTest" tests="1" failures="0" timestamp="2021-10-13T19:18:11 IST" time="61.873" errors="0">
  <testcase name="scrnsht" time="61.873" classname="textScript.SampleTest"/>
  <system-out/>
</testsuite> <!-- textScript.SampleTest -->
